<?xml version="1.0" encoding="UTF-8"?>
<!-- Generated by org.testng.reporters.JUnitReportReporter -->
<testsuite hostname="DESKTOP-ITBM5CO" failures="0" tests="3" name="Runner.Runner" time="57.264" errors="0" timestamp="2023-12-20T01:21:28 IST" skipped="0">
  <testcase classname="Runner.Runner" name="runScenario" time="13.875"/>
  <system-out/>
  <testcase classname="Runner.Runner" name="runScenario" time="17.908"/>
  <system-out/>
  <testcase classname="Runner.Runner" name="runScenario" time="25.481"/>
  <system-out/>
</testsuite> <!-- Runner.Runner -->
